<?xml version="1.0" encoding="UTF-8"?>
<testsuite errors="0" failures="0" hostname="localhost" name="com.thoughtworks.twu.domain.UserMapperIntegrationTest" tests="1" time="1.622" timestamp="2012-10-22T09:35:03">
  <properties />
  <testcase classname="com.thoughtworks.twu.domain.UserMapperIntegrationTest" name="shouldChooseUserByUserName" time="1.541" />
  <system-out><![CDATA[15:05:04.293 [Test worker] DEBUG org.apache.ibatis.logging.LogFactory - Logging initialized using 'org.apache.ibatis.logging.slf4j.Slf4jImpl' adapter.
15:05:04.487 [Test worker] DEBUG o.m.spring.SqlSessionFactoryBean - Property 'configLocation' not specified, using default MyBatis Configuration
15:05:04.519 [Test worker] DEBUG org.apache.ibatis.io.ResolverUtil - Class not found: org.jboss.vfs.VFS
15:05:04.519 [Test worker] DEBUG org.apache.ibatis.io.ResolverUtil - JBoss 6 VFS API is not available in this environment.
15:05:04.520 [Test worker] DEBUG org.apache.ibatis.io.ResolverUtil - Class not found: org.jboss.vfs.VirtualFile
15:05:04.520 [Test worker] DEBUG org.apache.ibatis.io.ResolverUtil - VFS implementation org.apache.ibatis.io.JBoss6VFS is not valid in this environment.
15:05:04.521 [Test worker] DEBUG org.apache.ibatis.io.ResolverUtil - Using VFS adapter org.apache.ibatis.io.DefaultVFS
15:05:04.521 [Test worker] DEBUG org.apache.ibatis.io.ResolverUtil - Find JAR URL: file:/Users/akshay/IdeaProjects/TWU_29_Books/build/classes/test/com/thoughtworks/twu/domain
15:05:04.521 [Test worker] DEBUG org.apache.ibatis.io.ResolverUtil - Not a JAR: file:/Users/akshay/IdeaProjects/TWU_29_Books/build/classes/test/com/thoughtworks/twu/domain
15:05:04.564 [Test worker] DEBUG org.apache.ibatis.io.ResolverUtil - Reader entry: IntegrationTest.class
15:05:04.564 [Test worker] DEBUG org.apache.ibatis.io.ResolverUtil - Reader entry: UserMapperIntegrationTest.class
15:05:04.564 [Test worker] DEBUG org.apache.ibatis.io.ResolverUtil - Listing file:/Users/akshay/IdeaProjects/TWU_29_Books/build/classes/test/com/thoughtworks/twu/domain
15:05:04.564 [Test worker] DEBUG org.apache.ibatis.io.ResolverUtil - Find JAR URL: file:/Users/akshay/IdeaProjects/TWU_29_Books/build/classes/test/com/thoughtworks/twu/domain/IntegrationTest.class
15:05:04.565 [Test worker] DEBUG org.apache.ibatis.io.ResolverUtil - Not a JAR: file:/Users/akshay/IdeaProjects/TWU_29_Books/build/classes/test/com/thoughtworks/twu/domain/IntegrationTest.class
15:05:04.565 [Test worker] DEBUG org.apache.ibatis.io.ResolverUtil - Reader entry: ����3
15:05:04.565 [Test worker] DEBUG org.apache.ibatis.io.ResolverUtil - Find JAR URL: file:/Users/akshay/IdeaProjects/TWU_29_Books/build/classes/test/com/thoughtworks/twu/domain/UserMapperIntegrationTest.class
15:05:04.566 [Test worker] DEBUG org.apache.ibatis.io.ResolverUtil - Not a JAR: file:/Users/akshay/IdeaProjects/TWU_29_Books/build/classes/test/com/thoughtworks/twu/domain/UserMapperIntegrationTest.class
15:05:04.566 [Test worker] DEBUG org.apache.ibatis.io.ResolverUtil - Reader entry: ����3B
15:05:04.566 [Test worker] DEBUG org.apache.ibatis.io.ResolverUtil - Find JAR URL: file:/Users/akshay/IdeaProjects/TWU_29_Books/build/classes/main/com/thoughtworks/twu/domain
15:05:04.567 [Test worker] DEBUG org.apache.ibatis.io.ResolverUtil - Not a JAR: file:/Users/akshay/IdeaProjects/TWU_29_Books/build/classes/main/com/thoughtworks/twu/domain
15:05:04.567 [Test worker] DEBUG org.apache.ibatis.io.ResolverUtil - Reader entry: User.class
15:05:04.567 [Test worker] DEBUG org.apache.ibatis.io.ResolverUtil - Listing file:/Users/akshay/IdeaProjects/TWU_29_Books/build/classes/main/com/thoughtworks/twu/domain
15:05:04.567 [Test worker] DEBUG org.apache.ibatis.io.ResolverUtil - Find JAR URL: file:/Users/akshay/IdeaProjects/TWU_29_Books/build/classes/main/com/thoughtworks/twu/domain/User.class
15:05:04.567 [Test worker] DEBUG org.apache.ibatis.io.ResolverUtil - Not a JAR: file:/Users/akshay/IdeaProjects/TWU_29_Books/build/classes/main/com/thoughtworks/twu/domain/User.class
15:05:04.568 [Test worker] DEBUG org.apache.ibatis.io.ResolverUtil - Reader entry: ����3
15:05:04.568 [Test worker] DEBUG org.apache.ibatis.io.ResolverUtil - Checking to see if class com.thoughtworks.twu.domain.IntegrationTest matches criteria [is assignable to Object]
15:05:04.568 [Test worker] DEBUG org.apache.ibatis.io.ResolverUtil - Checking to see if class com.thoughtworks.twu.domain.UserMapperIntegrationTest matches criteria [is assignable to Object]
15:05:04.568 [Test worker] DEBUG org.apache.ibatis.io.ResolverUtil - Checking to see if class com.thoughtworks.twu.domain.User matches criteria [is assignable to Object]
15:05:04.569 [Test worker] DEBUG o.m.spring.SqlSessionFactoryBean - Scanned package: 'com.thoughtworks.twu.domain' for aliases
15:05:04.578 [Test worker] DEBUG o.m.spring.SqlSessionFactoryBean - Property 'mapperLocations' was not specified or no matching resources found
15:05:04.960 [Test worker] DEBUG org.mybatis.spring.SqlSessionUtils - Creating a new SqlSession
15:05:04.966 [Test worker] DEBUG org.mybatis.spring.SqlSessionUtils - Registering transaction synchronization for SqlSession [org.apache.ibatis.session.defaults.DefaultSqlSession@3e06857]
15:05:05.000 [Test worker] DEBUG o.m.s.t.SpringManagedTransaction - JDBC Connection [org.hsqldb.jdbc.jdbcConnection@73d3a53d] will be managed by Spring
15:05:05.002 [Test worker] DEBUG c.t.t.p.UserMapper.insertUser - ooo Using Connection [org.hsqldb.jdbc.jdbcConnection@73d3a53d]
15:05:05.008 [Test worker] DEBUG c.t.t.p.UserMapper.insertUser - ==>  Preparing: INSERT INTO user (id, name) VALUES(?, ?) 
15:05:05.031 [Test worker] DEBUG c.t.t.p.UserMapper.insertUser - ==> Parameters: 111(Integer), Bill(String)
15:05:05.032 [Test worker] DEBUG org.mybatis.spring.SqlSessionUtils - Releasing transactional SqlSession [org.apache.ibatis.session.defaults.DefaultSqlSession@3e06857]
15:05:05.032 [Test worker] DEBUG org.mybatis.spring.SqlSessionUtils - Fetched SqlSession [org.apache.ibatis.session.defaults.DefaultSqlSession@3e06857] from current transaction
15:05:05.034 [Test worker] DEBUG c.t.t.persistence.UserMapper.getUser - ooo Using Connection [org.hsqldb.jdbc.jdbcConnection@73d3a53d]
15:05:05.034 [Test worker] DEBUG c.t.t.persistence.UserMapper.getUser - ==>  Preparing: SELECT id,name FROM user where name = ? 
15:05:05.038 [Test worker] DEBUG c.t.t.persistence.UserMapper.getUser - ==> Parameters: Bill(String)
15:05:05.056 [Test worker] DEBUG org.mybatis.spring.SqlSessionUtils - Releasing transactional SqlSession [org.apache.ibatis.session.defaults.DefaultSqlSession@3e06857]
15:05:05.057 [Test worker] DEBUG org.mybatis.spring.SqlSessionUtils - Transaction synchronization rolling back SqlSession [org.apache.ibatis.session.defaults.DefaultSqlSession@3e06857]
15:05:05.057 [Test worker] DEBUG org.mybatis.spring.SqlSessionUtils - Transaction synchronization closing SqlSession [org.apache.ibatis.session.defaults.DefaultSqlSession@3e06857]
]]></system-out>
  <system-err><![CDATA[Oct 22, 2012 3:05:03 PM org.springframework.beans.factory.xml.XmlBeanDefinitionReader loadBeanDefinitions
INFO: Loading XML bean definitions from class path resource [applicationContext.xml]
Oct 22, 2012 3:05:03 PM org.springframework.context.support.AbstractApplicationContext prepareRefresh
INFO: Refreshing org.springframework.context.support.GenericApplicationContext@779e1cd0: startup date [Mon Oct 22 15:05:03 IST 2012]; root of context hierarchy
Oct 22, 2012 3:05:04 PM org.springframework.beans.factory.support.DefaultListableBeanFactory preInstantiateSingletons
INFO: Pre-instantiating singletons in org.springframework.beans.factory.support.DefaultListableBeanFactory@f3419f7: defining beans [org.springframework.context.annotation.internalConfigurationAnnotationProcessor,org.springframework.context.annotation.internalAutowiredAnnotationProcessor,org.springframework.context.annotation.internalRequiredAnnotationProcessor,org.springframework.context.annotation.internalCommonAnnotationProcessor,org.springframework.web.servlet.mvc.method.annotation.RequestMappingHandlerMapping#0,org.springframework.format.support.FormattingConversionServiceFactoryBean#0,org.springframework.web.servlet.mvc.method.annotation.RequestMappingHandlerAdapter#0,org.springframework.web.servlet.handler.MappedInterceptor#0,org.springframework.web.servlet.mvc.method.annotation.ExceptionHandlerExceptionResolver#0,org.springframework.web.servlet.mvc.annotation.ResponseStatusExceptionResolver#0,org.springframework.web.servlet.mvc.support.DefaultHandlerExceptionResolver#0,org.springframework.web.servlet.handler.BeanNameUrlHandlerMapping,org.springframework.web.servlet.mvc.HttpRequestHandlerAdapter,org.springframework.web.servlet.mvc.SimpleControllerHandlerAdapter,homeController,userService,dataSource,transactionManager,org.springframework.aop.config.internalAutoProxyCreator,org.springframework.transaction.annotation.AnnotationTransactionAttributeSource#0,org.springframework.transaction.interceptor.TransactionInterceptor#0,org.springframework.transaction.config.internalTransactionAdvisor,sqlSessionFactory,org.mybatis.spring.mapper.MapperScannerConfigurer#0,org.springframework.context.annotation.ConfigurationClassPostProcessor$ImportAwareBeanPostProcessor#0,userMapper]; root of factory hierarchy
Oct 22, 2012 3:05:04 PM org.springframework.jdbc.datasource.embedded.EmbeddedDatabaseFactory initDatabase
INFO: Creating embedded database 'dataSource'
Oct 22, 2012 3:05:04 PM org.springframework.jdbc.datasource.init.ResourceDatabasePopulator executeSqlScript
INFO: Executing SQL script from class path resource [twu_database/schema.sql]
Oct 22, 2012 3:05:04 PM org.springframework.jdbc.datasource.init.ResourceDatabasePopulator executeSqlScript
INFO: Done executing SQL script from class path resource [twu_database/schema.sql] in 6 ms.
Oct 22, 2012 3:05:04 PM org.springframework.jdbc.datasource.init.ResourceDatabasePopulator executeSqlScript
INFO: Executing SQL script from class path resource [twu_database/import.sql]
Oct 22, 2012 3:05:04 PM org.springframework.jdbc.datasource.init.ResourceDatabasePopulator executeSqlScript
INFO: Done executing SQL script from class path resource [twu_database/import.sql] in 9 ms.
Oct 22, 2012 3:05:04 PM org.springframework.web.servlet.handler.AbstractHandlerMethodMapping registerHandlerMethod
INFO: Mapped "{[],methods=[GET],params=[],headers=[],consumes=[],produces=[],custom=[]}" onto public org.springframework.web.servlet.ModelAndView com.thoughtworks.twu.controller.HomeController.homepage(java.lang.String)
Oct 22, 2012 3:05:04 PM org.springframework.test.context.transaction.TransactionalTestExecutionListener startNewTransaction
INFO: Began transaction (1): transaction manager [org.springframework.jdbc.datasource.DataSourceTransactionManager@4fe67135]; rollback [true]
Oct 22, 2012 3:05:05 PM org.springframework.test.context.transaction.TransactionalTestExecutionListener endTransaction
INFO: Rolled back transaction after test execution for test context [[TestContext@5eb89f26 testClass = UserMapperIntegrationTest, testInstance = com.thoughtworks.twu.domain.UserMapperIntegrationTest@2ad8a85f, testMethod = shouldChooseUserByUserName@UserMapperIntegrationTest, testException = [null], mergedContextConfiguration = [MergedContextConfiguration@2128d26f testClass = UserMapperIntegrationTest, locations = '{classpath:applicationContext.xml}', classes = '{}', activeProfiles = '{}', contextLoader = 'org.springframework.test.context.support.DelegatingSmartContextLoader']]]
]]></system-err>
</testsuite>
